<?xml version="1.0" encoding="UTF-8"?>
<!-- Generated by org.testng.reporters.JUnitXMLReporter -->
<testsuite ignored="0" hostname="DESKTOP-RAEVV8E" failures="0" tests="3" name="Default test" time="0.029" errors="0" timestamp="2021-07-20T19:51:52 EDT">
  <testcase classname="pack2.DateDrivenTest" name="testLogin" time="0.003"/>
  <testcase classname="pack2.DateDrivenTest" name="testLogin" time="0.0"/>
  <testcase classname="pack2.DateDrivenTest" name="testLogin" time="0.001"/>
</testsuite> <!-- Default test -->
