<?xml version="1.0" encoding="UTF-8"?>
<testng-results ignored="0" total="3" passed="3" failed="0" skipped="0">
  <reporter-output>
  </reporter-output>
  <suite started-at="2021-07-20T19:51:52 EDT" name="Default suite" finished-at="2021-07-20T19:51:52 EDT" duration-ms="29">
    <groups>
    </groups>
    <test started-at="2021-07-20T19:51:52 EDT" name="Default test" finished-at="2021-07-20T19:51:52 EDT" duration-ms="29">
      <class name="pack2.DateDrivenTest">
        <test-method signature="testLogin(java.lang.String,java.lang.String)[pri:0, instance:pack2.DateDrivenTest@4944252c]" started-at="2021-07-20T19:51:52 EDT" name="testLogin" data-provider="userLogin" finished-at="2021-07-20T19:51:52 EDT" duration-ms="3" status="PASS">
          <params>
            <param index="0">
              <value>
                <![CDATA[admin]]>
              </value>
            </param>
            <param index="1">
              <value>
                <![CDATA[admin123]]>
              </value>
            </param>
          </params>
          <reporter-output>
          </reporter-output>
        </test-method> <!-- testLogin -->
        <test-method signature="testLogin(java.lang.String,java.lang.String)[pri:0, instance:pack2.DateDrivenTest@4944252c]" started-at="2021-07-20T19:51:52 EDT" name="testLogin" data-provider="userLogin" finished-at="2021-07-20T19:51:52 EDT" duration-ms="0" status="PASS">
          <params>
            <param index="0">
              <value>
                <![CDATA[employee]]>
              </value>
            </param>
            <param index="1">
              <value>
                <![CDATA[employee123]]>
              </value>
            </param>
          </params>
          <reporter-output>
          </reporter-output>
        </test-method> <!-- testLogin -->
        <test-method signature="testLogin(java.lang.String,java.lang.String)[pri:0, instance:pack2.DateDrivenTest@4944252c]" started-at="2021-07-20T19:51:52 EDT" name="testLogin" data-provider="userLogin" finished-at="2021-07-20T19:51:52 EDT" duration-ms="1" status="PASS">
          <params>
            <param index="0">
              <value>
                <![CDATA[guest]]>
              </value>
            </param>
            <param index="1">
              <value>
                <![CDATA[guest123]]>
              </value>
            </param>
          </params>
          <reporter-output>
          </reporter-output>
        </test-method> <!-- testLogin -->
      </class> <!-- pack2.DateDrivenTest -->
    </test> <!-- Default test -->
  </suite> <!-- Default suite -->
</testng-results>
