<?xml version="1.0" encoding="UTF-8"?>
<!-- Generated by org.testng.reporters.JUnitXMLReporter -->
<testsuite ignored="9" hostname="DESKTOP-RAEVV8E" failures="0" tests="1" name="Login" time="0.025" errors="0" timestamp="2021-07-20T19:27:23 EDT">
  <testcase classname="pack1.LogoutTest" name="logoutGuest" time="0.005"/>
  <testcase classname="pack1.LogoutTest" name="logoutEmployee" time="0.0">
    <ignored/>
  </testcase> <!-- logoutEmployee -->
  <testcase classname="pack1.RegisterTest" name="registerAdmin" time="0.0">
    <ignored/>
  </testcase> <!-- registerAdmin -->
  <testcase classname="pack1.LoginTest" name="loginAdmin" time="0.0">
    <ignored/>
  </testcase> <!-- loginAdmin -->
  <testcase classname="pack1.RegisterTest" name="registerGuest" time="0.0">
    <ignored/>
  </testcase> <!-- registerGuest -->
  <testcase classname="pack1.LoginTest" name="loginEmployee" time="0.0">
    <ignored/>
  </testcase> <!-- loginEmployee -->
  <testcase classname="pack1.LogoutTest" name="logoutAdmin" time="0.0">
    <ignored/>
  </testcase> <!-- logoutAdmin -->
  <testcase classname="pack1.LoginTest" name="loginGuest" time="0.0">
    <ignored/>
  </testcase> <!-- loginGuest -->
  <testcase classname="pack1.RegisterTest" name="registerEmployee" time="0.0">
    <ignored/>
  </testcase> <!-- registerEmployee -->
  <testcase classname="pack1.LoginTest" name="getAdmin" time="0.0">
    <ignored/>
  </testcase> <!-- getAdmin -->
</testsuite> <!-- Login -->
