<?xml version="1.0" encoding="UTF-8"?>
<!-- Generated by org.testng.reporters.JUnitXMLReporter -->
<testsuite ignored="1" hostname="DESKTOP-RAEVV8E" failures="0" tests="8" name="SmokePack1" time="0.035" errors="0" timestamp="2021-07-20T18:43:14 EDT">
  <testcase classname="pack1.LoginTest" name="getAdmin" time="0.004"/>
  <testcase classname="pack1.LoginTest" name="loginAdmin" time="0.0"/>
  <testcase classname="pack1.LoginTest" name="loginEmployee" time="0.001"/>
  <testcase classname="pack1.LoginTest" name="loginGuest" time="0.001"/>
  <testcase classname="pack1.LogoutTest" name="logoutAdmin" time="0.001"/>
  <testcase classname="pack1.LogoutTest" name="logoutEmployee" time="0.001"/>
  <testcase classname="pack1.LogoutTest" name="logoutGuest" time="0.001"/>
  <testcase classname="pack1.RegisterTest" name="registerGuest" time="0.001"/>
  <testcase classname="pack1.RegisterTest" name="registerAdmin" time="0.0">
    <ignored/>
  </testcase> <!-- registerAdmin -->
</testsuite> <!-- SmokePack1 -->
